1619061410606	geckodriver	INFO	Listening on 127.0.0.1:55315
1619061413590	mozrunner::runner	INFO	Running command: "C:\\Program Files (x86)\\Mozilla Firefox\\firefox.exe" "--marionette" "-foreground" "-no-remote" "-profile" "C:\\Users\\mamagdy\\AppData\\Local\\Temp\\rust_mozprofilempQNSo"
JavaScript error: resource://gre/modules/XULStore.jsm, line 66: Error: Can't find profile directory.
1619061418182	Marionette	INFO	Listening on port 55323
1619061418355	Marionette	WARN	TLS certificate errors will be ignored for this session
1619064662790	Marionette	INFO	Stopped listening on port 55323

###!!! [Child][MessageChannel::SendAndWait] Error: Channel error: cannot send/recv

1619070236739	geckodriver	INFO	Listening on 127.0.0.1:58491
1619070239766	mozrunner::runner	INFO	Running command: "C:\\Program Files (x86)\\Mozilla Firefox\\firefox.exe" "--marionette" "-foreground" "-no-remote" "-profile" "C:\\Users\\mamagdy\\AppData\\Local\\Temp\\rust_mozprofile6fQrNl"
1619070242633	Marionette	INFO	Listening on port 58500
1619070242935	Marionette	WARN	TLS certificate errors will be ignored for this session
JavaScript warning: https://www.amazon.com/s?k=amazonbasics&rh=n%3A1055398%2Cp_36%3A1253523011&dc&qid=1619039742&rnid=386465011&ref=sr_nr_p_36_1 line 6 > scriptElement, line 1: Failed to create WebGL context: WebGL is currently disabled.
JavaScript warning: https://www.amazon.com/s?k=amazonbasics&rh=n%3A1055398%2Cp_36%3A1253523011&dc&qid=1619039742&rnid=386465011&ref=sr_nr_p_36_1 line 6 > scriptElement, line 1: Failed to create WebGL context: WebGL is currently disabled.
JavaScript warning: https://images-na.ssl-images-amazon.com/images/I/7193F-lS6LL.js?AUIClients/FWCIMAssets, line 280: Failed to create WebGL context: WebGL is currently disabled.
console.error: "Store does not have a valid reducer. Make sure the argument passed to combineReducers is an object whose values are reducers."
[Child 2252, Chrome_ChildThread] WARNING: pipe error: 232: file /builds/worker/checkouts/gecko/ipc/chromium/src/chrome/common/ipc_channel_win.cc, line 522
1619075695994	Marionette	INFO	Stopped listening on port 58500
1619103765811	geckodriver	INFO	Listening on 127.0.0.1:65237
1619103768916	mozrunner::runner	INFO	Running command: "C:\\Program Files (x86)\\Mozilla Firefox\\firefox.exe" "--marionette" "-foreground" "-no-remote" "-profile" "C:\\Users\\mamagdy\\AppData\\Local\\Temp\\rust_mozprofilei8s5cY"
JavaScript error: resource://gre/modules/XULStore.jsm, line 66: Error: Can't find profile directory.
1619103774323	Marionette	INFO	Listening on port 65263
1619103774711	Marionette	WARN	TLS certificate errors will be ignored for this session
1619106989851	Marionette	INFO	Stopped listening on port 65263

###!!! [Child][RunMessage] Error: Channel closing: too late to send/recv, messages will be lost


###!!! [Child][MessageChannel::SendAndWait] Error: Channel error: cannot send/recv

1619182594460	geckodriver	INFO	Listening on 127.0.0.1:65469
1619182597445	mozrunner::runner	INFO	Running command: "C:\\Program Files (x86)\\Mozilla Firefox\\firefox.exe" "--marionette" "-foreground" "-no-remote" "-profile" "C:\\Users\\mamagdy\\AppData\\Local\\Temp\\rust_mozprofileukha62"
JavaScript error: resource://gre/modules/XULStore.jsm, line 66: Error: Can't find profile directory.
1619182603552	Marionette	INFO	Listening on port 65491
1619182603734	Marionette	WARN	TLS certificate errors will be ignored for this session
console.error: "Store does not have a valid reducer. Make sure the argument passed to combineReducers is an object whose values are reducers."
SourceActor threw an exception: [Exception... "Failed to open input source 'file:///'"  nsresult: "0x80004005 (NS_ERROR_FAILURE)"  location: "JS frame :: resource://devtools/shared/DevToolsUtils.js :: mainThreadFetch/< :: line 659"  data: yes]
Stack: mainThreadFetch/<@resource://devtools/shared/DevToolsUtils.js:659:15
mainThreadFetch@resource://devtools/shared/DevToolsUtils.js:509:10
_fetchURLContents@resource://devtools/server/actors/utils/TabSources.js:580:22
urlContents@resource://devtools/server/actors/utils/TabSources.js:547:17
_resurrectSource@resource://devtools/server/actors/thread.js:1998:69
addAllSources@resource://devtools/server/actors/thread.js:1382:14
onSources@resource://devtools/server/actors/thread.js:1388:10
onPacket@resource://devtools/server/devtools-server-connection.js:380:58
receiveMessage@resource://devtools/shared/transport/child-transport.js:66:16
Line: 659, column: 0
console.error: ({})
JavaScript error: resource://devtools/shared/DevToolsUtils.js, line 659: NS_ERROR_FAILURE: Failed to open input source 'file:///'
console.error: "Store does not have a valid reducer. Make sure the argument passed to combineReducers is an object whose values are reducers."
SourceActor threw an exception: [Exception... "Failed to open input source 'file:///'"  nsresult: "0x80004005 (NS_ERROR_FAILURE)"  location: "JS frame :: resource://devtools/shared/DevToolsUtils.js :: mainThreadFetch/< :: line 659"  data: yes]
Stack: mainThreadFetch/<@resource://devtools/shared/DevToolsUtils.js:659:15
mainThreadFetch@resource://devtools/shared/DevToolsUtils.js:509:10
_fetchURLContents@resource://devtools/server/actors/utils/TabSources.js:580:22
urlContents@resource://devtools/server/actors/utils/TabSources.js:547:17
_resurrectSource@resource://devtools/server/actors/thread.js:1998:69
addAllSources@resource://devtools/server/actors/thread.js:1382:14
onSources@resource://devtools/server/actors/thread.js:1388:10
onPacket@resource://devtools/server/devtools-server-connection.js:380:58
receiveMessage@resource://devtools/shared/transport/child-transport.js:66:16
Line: 659, column: 0
console.error: ({})
JavaScript error: resource://devtools/shared/DevToolsUtils.js, line 659: NS_ERROR_FAILURE: Failed to open input source 'file:///'
console.error: "Store does not have a valid reducer. Make sure the argument passed to combineReducers is an object whose values are reducers."
[Child 25564, Chrome_ChildThread] WARNING: pipe error: 232: file /builds/worker/checkouts/gecko/ipc/chromium/src/chrome/common/ipc_channel_win.cc, line 522
1619187557302	Marionette	INFO	Stopped listening on port 65491

###!!! [Child][RunMessage] Error: Channel closing: too late to send/recv, messages will be lost


###!!! [Child][MessageChannel::SendAndWait] Error: Channel error: cannot send/recv

